# JRE version: Java(TM) SE Runtime Environment (8.0_201-b09) (build 1.8.0_201-b09)
# Java VM: Java HotSpot(TM) 64-Bit Server VM (25.201-b09 mixed mode windows-amd64 compressed oops)
Heap:
 PSYoungGen      total 139776K, used 69231K [0x00000000d5e00000, 0x00000000e1f80000, 0x0000000100000000)
  eden space 132608K, 48% used [0x00000000d5e00000,0x00000000d9c30370,0x00000000ddf80000)
  from space 7168K, 77% used [0x00000000ddf80000,0x00000000de4eba10,0x00000000de680000)
  to   space 7168K, 0% used [0x00000000e1880000,0x00000000e1880000,0x00000000e1f80000)
 ParOldGen       total 51712K, used 6030K [0x0000000081a00000, 0x0000000084c80000, 0x00000000d5e00000)
  object space 51712K, 11% used [0x0000000081a00000,0x0000000081fe3938,0x0000000084c80000)
 Metaspace       used 31740K, capacity 32570K, committed 32640K, reserved 1077248K
  class space    used 3950K, capacity 4164K, committed 4224K, reserved 1048576K
GC Heap History (10 events):
Event: 4.239 GC heap before
{Heap before GC invocations=6 (full 0):
 PSYoungGen      total 71680K, used 71648K [0x00000000d5e00000, 0x00000000ded00000, 0x0000000100000000)
  eden space 66560K, 100% used [0x00000000d5e00000,0x00000000d9f00000,0x00000000d9f00000)
  from space 5120K, 99% used [0x00000000d9f00000,0x00000000da3f8158,0x00000000da400000)
  to   space 6656K, 0% used [0x00000000de680000,0x00000000de680000,0x00000000ded00000)
 ParOldGen       total 87552K, used 1429K [0x0000000081a00000, 0x0000000086f80000, 0x00000000d5e00000)
  object space 87552K, 1% used [0x0000000081a00000,0x0000000081b656a0,0x0000000086f80000)
 Metaspace       used 18154K, capacity 18496K, committed 18688K, reserved 1064960K
  class space    used 2349K, capacity 2452K, committed 2560K, reserved 1048576K
Event: 4.250 GC heap after
Heap after GC invocations=6 (full 0):
 PSYoungGen      total 139264K, used 6095K [0x00000000d5e00000, 0x00000000dee00000, 0x0000000100000000)
  eden space 132608K, 0% used [0x00000000d5e00000,0x00000000d5e00000,0x00000000ddf80000)
  from space 6656K, 91% used [0x00000000de680000,0x00000000dec73de8,0x00000000ded00000)
  to   space 7168K, 0% used [0x00000000ddf80000,0x00000000ddf80000,0x00000000de680000)
 ParOldGen       total 87552K, used 1437K [0x0000000081a00000, 0x0000000086f80000, 0x00000000d5e00000)
  object space 87552K, 1% used [0x0000000081a00000,0x0000000081b676a0,0x0000000086f80000)
 Metaspace       used 18154K, capacity 18496K, committed 18688K, reserved 1064960K
  class space    used 2349K, capacity 2452K, committed 2560K, reserved 1048576K
}
Event: 4.855 GC heap before
{Heap before GC invocations=7 (full 0):
 PSYoungGen      total 139264K, used 56608K [0x00000000d5e00000, 0x00000000dee00000, 0x0000000100000000)
  eden space 132608K, 38% used [0x00000000d5e00000,0x00000000d8f54480,0x00000000ddf80000)
  from space 6656K, 91% used [0x00000000de680000,0x00000000dec73de8,0x00000000ded00000)
  to   space 7168K, 0% used [0x00000000ddf80000,0x00000000ddf80000,0x00000000de680000)
 ParOldGen       total 87552K, used 1437K [0x0000000081a00000, 0x0000000086f80000, 0x00000000d5e00000)
  object space 87552K, 1% used [0x0000000081a00000,0x0000000081b676a0,0x0000000086f80000)
 Metaspace       used 20741K, capacity 21132K, committed 21248K, reserved 1067008K
  class space    used 2640K, capacity 2760K, committed 2816K, reserved 1048576K
Event: 4.868 GC heap after
Heap after GC invocations=7 (full 0):
 PSYoungGen      total 139776K, used 3740K [0x00000000d5e00000, 0x00000000dee00000, 0x0000000100000000)
  eden space 132608K, 0% used [0x00000000d5e00000,0x00000000d5e00000,0x00000000ddf80000)
  from space 7168K, 52% used [0x00000000ddf80000,0x00000000de327010,0x00000000de680000)
  to   space 6656K, 0% used [0x00000000de680000,0x00000000de680000,0x00000000ded00000)
 ParOldGen       total 87552K, used 3894K [0x0000000081a00000, 0x0000000086f80000, 0x00000000d5e00000)
  object space 87552K, 4% used [0x0000000081a00000,0x0000000081dcda58,0x0000000086f80000)
 Metaspace       used 20741K, capacity 21132K, committed 21248K, reserved 1067008K
  class space    used 2640K, capacity 2760K, committed 2816K, reserved 1048576K
}
Event: 4.868 GC heap before
{Heap before GC invocations=8 (full 1):
 PSYoungGen      total 139776K, used 3740K [0x00000000d5e00000, 0x00000000dee00000, 0x0000000100000000)
  eden space 132608K, 0% used [0x00000000d5e00000,0x00000000d5e00000,0x00000000ddf80000)
  from space 7168K, 52% used [0x00000000ddf80000,0x00000000de327010,0x00000000de680000)
  to   space 6656K, 0% used [0x00000000de680000,0x00000000de680000,0x00000000ded00000)
 ParOldGen       total 87552K, used 3894K [0x0000000081a00000, 0x0000000086f80000, 0x00000000d5e00000)
  object space 87552K, 4% used [0x0000000081a00000,0x0000000081dcda58,0x0000000086f80000)
 Metaspace       used 20741K, capacity 21132K, committed 21248K, reserved 1067008K
  class space    used 2640K, capacity 2760K, committed 2816K, reserved 1048576K
Event: 4.902 GC heap after
Heap after GC invocations=8 (full 1):
 PSYoungGen      total 139776K, used 0K [0x00000000d5e00000, 0x00000000dee00000, 0x0000000100000000)
  eden space 132608K, 0% used [0x00000000d5e00000,0x00000000d5e00000,0x00000000ddf80000)
  from space 7168K, 0% used [0x00000000ddf80000,0x00000000ddf80000,0x00000000de680000)
  to   space 6656K, 0% used [0x00000000de680000,0x00000000de680000,0x00000000ded00000)
 ParOldGen       total 51712K, used 6022K [0x0000000081a00000, 0x0000000084c80000, 0x00000000d5e00000)
  object space 51712K, 11% used [0x0000000081a00000,0x0000000081fe1938,0x0000000084c80000)
 Metaspace       used 20741K, capacity 21132K, committed 21248K, reserved 1067008K
  class space    used 2640K, capacity 2760K, committed 2816K, reserved 1048576K
}
Event: 5.851 GC heap before
{Heap before GC invocations=9 (full 1):
 PSYoungGen      total 139776K, used 132608K [0x00000000d5e00000, 0x00000000dee00000, 0x0000000100000000)
  eden space 132608K, 100% used [0x00000000d5e00000,0x00000000ddf80000,0x00000000ddf80000)
  from space 7168K, 0% used [0x00000000ddf80000,0x00000000ddf80000,0x00000000de680000)
  to   space 6656K, 0% used [0x00000000de680000,0x00000000de680000,0x00000000ded00000)
 ParOldGen       total 51712K, used 6022K [0x0000000081a00000, 0x0000000084c80000, 0x00000000d5e00000)
  object space 51712K, 11% used [0x0000000081a00000,0x0000000081fe1938,0x0000000084c80000)
 Metaspace       used 25371K, capacity 26016K, committed 26240K, reserved 1073152K
  class space    used 3244K, capacity 3429K, committed 3456K, reserved 1048576K
Event: 5.858 GC heap after
Heap after GC invocations=9 (full 1):
 PSYoungGen      total 139264K, used 4710K [0x00000000d5e00000, 0x00000000dee00000, 0x0000000100000000)
  eden space 132608K, 0% used [0x00000000d5e00000,0x00000000d5e00000,0x00000000ddf80000)
  from space 6656K, 70% used [0x00000000de680000,0x00000000deb19ac0,0x00000000ded00000)
  to   space 7168K, 0% used [0x00000000ddf80000,0x00000000ddf80000,0x00000000de680000)
 ParOldGen       total 51712K, used 6022K [0x0000000081a00000, 0x0000000084c80000, 0x00000000d5e00000)
  object space 51712K, 11% used [0x0000000081a00000,0x0000000081fe1938,0x0000000084c80000)
 Metaspace       used 25371K, capacity 26016K, committed 26240K, reserved 1073152K
  class space    used 3244K, capacity 3429K, committed 3456K, reserved 1048576K
}
Event: 6.500 GC heap before
{Heap before GC invocations=10 (full 1):
 PSYoungGen      total 139264K, used 137318K [0x00000000d5e00000, 0x00000000dee00000, 0x0000000100000000)
  eden space 132608K, 100% used [0x00000000d5e00000,0x00000000ddf80000,0x00000000ddf80000)
  from space 6656K, 70% used [0x00000000de680000,0x00000000deb19ac0,0x00000000ded00000)
  to   space 7168K, 0% used [0x00000000ddf80000,0x00000000ddf80000,0x00000000de680000)
 ParOldGen       total 51712K, used 6022K [0x0000000081a00000, 0x0000000084c80000, 0x00000000d5e00000)
  object space 51712K, 11% used [0x0000000081a00000,0x0000000081fe1938,0x0000000084c80000)
 Metaspace       used 29362K, capacity 29986K, committed 30080K, reserved 1075200K
  class space    used 3703K, capacity 3882K, committed 3968K, reserved 1048576K
Event: 6.505 GC heap after
Heap after GC invocations=10 (full 1):
 PSYoungGen      total 139776K, used 5550K [0x00000000d5e00000, 0x00000000e1f80000, 0x0000000100000000)
  eden space 132608K, 0% used [0x00000000d5e00000,0x00000000d5e00000,0x00000000ddf80000)
  from space 7168K, 77% used [0x00000000ddf80000,0x00000000de4eba10,0x00000000de680000)
  to   space 7168K, 0% used [0x00000000e1880000,0x00000000e1880000,0x00000000e1f80000)
 ParOldGen       total 51712K, used 6030K [0x0000000081a00000, 0x0000000084c80000, 0x00000000d5e00000)
  object space 51712K, 11% used [0x0000000081a00000,0x0000000081fe3938,0x0000000084c80000)
 Metaspace       used 29362K, capacity 29986K, committed 30080K, reserved 1075200K
  class space    used 3703K, capacity 3882K, committed 3968K, reserved 1048576K
}

