# JRE version: Java(TM) SE Runtime Environment (8.0_201-b09) (build 1.8.0_201-b09)
# Java VM: Java HotSpot(TM) 64-Bit Server VM (25.201-b09 mixed mode windows-amd64 compressed oops)
Heap:
 PSYoungGen      total 97792K, used 20338K [0x00000000d5e00000, 0x00000000de400000, 0x0000000100000000)
  eden space 91648K, 17% used [0x00000000d5e00000,0x00000000d6dc0f28,0x00000000db780000)
  from space 6144K, 68% used [0x00000000db780000,0x00000000dbb9bc18,0x00000000dbd80000)
  to   space 6144K, 0% used [0x00000000dde00000,0x00000000dde00000,0x00000000de400000)
 ParOldGen       total 52224K, used 9866K [0x0000000081a00000, 0x0000000084d00000, 0x00000000d5e00000)
  object space 52224K, 18% used [0x0000000081a00000,0x00000000823a2848,0x0000000084d00000)
 Metaspace       used 32343K, capacity 33538K, committed 33792K, reserved 1079296K
  class space    used 3818K, capacity 4096K, committed 4096K, reserved 1048576K
GC Heap History (10 events):
Event: 4.348 GC heap before
{Heap before GC invocations=10 (full 1):
 PSYoungGen      total 71168K, used 66048K [0x00000000d5e00000, 0x00000000daa00000, 0x0000000100000000)
  eden space 66048K, 100% used [0x00000000d5e00000,0x00000000d9e80000,0x00000000d9e80000)
  from space 5120K, 0% used [0x00000000da400000,0x00000000da400000,0x00000000da900000)
  to   space 5632K, 0% used [0x00000000d9e80000,0x00000000d9e80000,0x00000000da400000)
 ParOldGen       total 52224K, used 6453K [0x0000000081a00000, 0x0000000084d00000, 0x00000000d5e00000)
  object space 52224K, 12% used [0x0000000081a00000,0x000000008204d500,0x0000000084d00000)
 Metaspace       used 22838K, capacity 23540K, committed 23680K, reserved 1071104K
  class space    used 2767K, capacity 2933K, committed 2944K, reserved 1048576K
Event: 4.352 GC heap after
Heap after GC invocations=10 (full 1):
 PSYoungGen      total 71680K, used 2651K [0x00000000d5e00000, 0x00000000dc380000, 0x0000000100000000)
  eden space 66048K, 0% used [0x00000000d5e00000,0x00000000d5e00000,0x00000000d9e80000)
  from space 5632K, 47% used [0x00000000d9e80000,0x00000000da116f40,0x00000000da400000)
  to   space 6144K, 0% used [0x00000000dbd80000,0x00000000dbd80000,0x00000000dc380000)
 ParOldGen       total 52224K, used 6461K [0x0000000081a00000, 0x0000000084d00000, 0x00000000d5e00000)
  object space 52224K, 12% used [0x0000000081a00000,0x000000008204f500,0x0000000084d00000)
 Metaspace       used 22838K, capacity 23540K, committed 23680K, reserved 1071104K
  class space    used 2767K, capacity 2933K, committed 2944K, reserved 1048576K
}
Event: 4.621 GC heap before
{Heap before GC invocations=11 (full 1):
 PSYoungGen      total 71680K, used 68699K [0x00000000d5e00000, 0x00000000dc380000, 0x0000000100000000)
  eden space 66048K, 100% used [0x00000000d5e00000,0x00000000d9e80000,0x00000000d9e80000)
  from space 5632K, 47% used [0x00000000d9e80000,0x00000000da116f40,0x00000000da400000)
  to   space 6144K, 0% used [0x00000000dbd80000,0x00000000dbd80000,0x00000000dc380000)
 ParOldGen       total 52224K, used 6461K [0x0000000081a00000, 0x0000000084d00000, 0x00000000d5e00000)
  object space 52224K, 12% used [0x0000000081a00000,0x000000008204f500,0x0000000084d00000)
 Metaspace       used 24617K, capacity 25344K, committed 25472K, reserved 1071104K
  class space    used 2915K, capacity 3101K, committed 3200K, reserved 1048576K
Event: 4.630 GC heap after
Heap after GC invocations=11 (full 1):
 PSYoungGen      total 97792K, used 2927K [0x00000000d5e00000, 0x00000000dc400000, 0x0000000100000000)
  eden space 91648K, 0% used [0x00000000d5e00000,0x00000000d5e00000,0x00000000db780000)
  from space 6144K, 47% used [0x00000000dbd80000,0x00000000dc05bd98,0x00000000dc380000)
  to   space 6144K, 0% used [0x00000000db780000,0x00000000db780000,0x00000000dbd80000)
 ParOldGen       total 52224K, used 6469K [0x0000000081a00000, 0x0000000084d00000, 0x00000000d5e00000)
  object space 52224K, 12% used [0x0000000081a00000,0x0000000082051500,0x0000000084d00000)
 Metaspace       used 24617K, capacity 25344K, committed 25472K, reserved 1071104K
  class space    used 2915K, capacity 3101K, committed 3200K, reserved 1048576K
}
Event: 4.894 GC heap before
{Heap before GC invocations=12 (full 1):
 PSYoungGen      total 97792K, used 94575K [0x00000000d5e00000, 0x00000000dc400000, 0x0000000100000000)
  eden space 91648K, 100% used [0x00000000d5e00000,0x00000000db780000,0x00000000db780000)
  from space 6144K, 47% used [0x00000000dbd80000,0x00000000dc05bd98,0x00000000dc380000)
  to   space 6144K, 0% used [0x00000000db780000,0x00000000db780000,0x00000000dbd80000)
 ParOldGen       total 52224K, used 6469K [0x0000000081a00000, 0x0000000084d00000, 0x00000000d5e00000)
  object space 52224K, 12% used [0x0000000081a00000,0x0000000082051500,0x0000000084d00000)
 Metaspace       used 26376K, capacity 27136K, committed 27392K, reserved 1073152K
  class space    used 3086K, capacity 3267K, committed 3328K, reserved 1048576K
Event: 4.906 GC heap after
Heap after GC invocations=12 (full 1):
 PSYoungGen      total 97792K, used 2407K [0x00000000d5e00000, 0x00000000dc400000, 0x0000000100000000)
  eden space 91648K, 0% used [0x00000000d5e00000,0x00000000d5e00000,0x00000000db780000)
  from space 6144K, 39% used [0x00000000db780000,0x00000000db9d9ca0,0x00000000dbd80000)
  to   space 6144K, 0% used [0x00000000dbd80000,0x00000000dbd80000,0x00000000dc380000)
 ParOldGen       total 52224K, used 7831K [0x0000000081a00000, 0x0000000084d00000, 0x00000000d5e00000)
  object space 52224K, 14% used [0x0000000081a00000,0x00000000821a5f10,0x0000000084d00000)
 Metaspace       used 26376K, capacity 27136K, committed 27392K, reserved 1073152K
  class space    used 3086K, capacity 3267K, committed 3328K, reserved 1048576K
}
Event: 5.423 GC heap before
{Heap before GC invocations=13 (full 1):
 PSYoungGen      total 97792K, used 94055K [0x00000000d5e00000, 0x00000000dc400000, 0x0000000100000000)
  eden space 91648K, 100% used [0x00000000d5e00000,0x00000000db780000,0x00000000db780000)
  from space 6144K, 39% used [0x00000000db780000,0x00000000db9d9ca0,0x00000000dbd80000)
  to   space 6144K, 0% used [0x00000000dbd80000,0x00000000dbd80000,0x00000000dc380000)
 ParOldGen       total 52224K, used 7831K [0x0000000081a00000, 0x0000000084d00000, 0x00000000d5e00000)
  object space 52224K, 14% used [0x0000000081a00000,0x00000000821a5f10,0x0000000084d00000)
 Metaspace       used 28702K, capacity 29548K, committed 29824K, reserved 1075200K
  class space    used 3380K, capacity 3589K, committed 3712K, reserved 1048576K
Event: 5.431 GC heap after
Heap after GC invocations=13 (full 1):
 PSYoungGen      total 97792K, used 3982K [0x00000000d5e00000, 0x00000000dc400000, 0x0000000100000000)
  eden space 91648K, 0% used [0x00000000d5e00000,0x00000000d5e00000,0x00000000db780000)
  from space 6144K, 64% used [0x00000000dbd80000,0x00000000dc163ab8,0x00000000dc380000)
  to   space 6144K, 0% used [0x00000000db780000,0x00000000db780000,0x00000000dbd80000)
 ParOldGen       total 52224K, used 8618K [0x0000000081a00000, 0x0000000084d00000, 0x00000000d5e00000)
  object space 52224K, 16% used [0x0000000081a00000,0x000000008226a848,0x0000000084d00000)
 Metaspace       used 28702K, capacity 29548K, committed 29824K, reserved 1075200K
  class space    used 3380K, capacity 3589K, committed 3712K, reserved 1048576K
}
Event: 6.379 GC heap before
{Heap before GC invocations=14 (full 1):
 PSYoungGen      total 97792K, used 95630K [0x00000000d5e00000, 0x00000000dc400000, 0x0000000100000000)
  eden space 91648K, 100% used [0x00000000d5e00000,0x00000000db780000,0x00000000db780000)
  from space 6144K, 64% used [0x00000000dbd80000,0x00000000dc163ab8,0x00000000dc380000)
  to   space 6144K, 0% used [0x00000000db780000,0x00000000db780000,0x00000000dbd80000)
 ParOldGen       total 52224K, used 8618K [0x0000000081a00000, 0x0000000084d00000, 0x00000000d5e00000)
  object space 52224K, 16% used [0x0000000081a00000,0x000000008226a848,0x0000000084d00000)
 Metaspace       used 31733K, capacity 32930K, committed 33280K, reserved 1079296K
  class space    used 3757K, capacity 4000K, committed 4096K, reserved 1048576K
Event: 6.385 GC heap after
Heap after GC invocations=14 (full 1):
 PSYoungGen      total 97792K, used 4207K [0x00000000d5e00000, 0x00000000de400000, 0x0000000100000000)
  eden space 91648K, 0% used [0x00000000d5e00000,0x00000000d5e00000,0x00000000db780000)
  from space 6144K, 68% used [0x00000000db780000,0x00000000dbb9bc18,0x00000000dbd80000)
  to   space 6144K, 0% used [0x00000000dde00000,0x00000000dde00000,0x00000000de400000)
 ParOldGen       total 52224K, used 9866K [0x0000000081a00000, 0x0000000084d00000, 0x00000000d5e00000)
  object space 52224K, 18% used [0x0000000081a00000,0x00000000823a2848,0x0000000084d00000)
 Metaspace       used 31733K, capacity 32930K, committed 33280K, reserved 1079296K
  class space    used 3757K, capacity 4000K, committed 4096K, reserved 1048576K
}

