# JRE version: Java(TM) SE Runtime Environment (8.0_201-b09) (build 1.8.0_201-b09)
# Java VM: Java HotSpot(TM) 64-Bit Server VM (25.201-b09 mixed mode windows-amd64 compressed oops)
Heap:
 PSYoungGen      total 193024K, used 39141K [0x00000000d5e00000, 0x00000000e3e80000, 0x0000000100000000)
  eden space 182272K, 21% used [0x00000000d5e00000,0x00000000d8439430,0x00000000e1000000)
  from space 10752K, 0% used [0x00000000e1c80000,0x00000000e1c80000,0x00000000e2700000)
  to   space 12800K, 0% used [0x00000000e1000000,0x00000000e1000000,0x00000000e1c80000)
 ParOldGen       total 81408K, used 16145K [0x0000000081a00000, 0x0000000086980000, 0x00000000d5e00000)
  object space 81408K, 19% used [0x0000000081a00000,0x00000000829c47e0,0x0000000086980000)
 Metaspace       used 38246K, capacity 39746K, committed 39936K, reserved 1083392K
  class space    used 5256K, capacity 5550K, committed 5632K, reserved 1048576K
GC Heap History (10 events):
Event: 2.807 GC heap before
{Heap before GC invocations=6 (full 1):
 PSYoungGen      total 71680K, used 5107K [0x00000000d5e00000, 0x00000000df100000, 0x0000000100000000)
  eden space 66560K, 0% used [0x00000000d5e00000,0x00000000d5e00000,0x00000000d9f00000)
  from space 5120K, 99% used [0x00000000d9f00000,0x00000000da3fce68,0x00000000da400000)
  to   space 8704K, 0% used [0x00000000de880000,0x00000000de880000,0x00000000df100000)
 ParOldGen       total 87552K, used 5245K [0x0000000081a00000, 0x0000000086f80000, 0x00000000d5e00000)
  object space 87552K, 5% used [0x0000000081a00000,0x0000000081f1f6d0,0x0000000086f80000)
 Metaspace       used 20490K, capacity 21210K, committed 21296K, reserved 1067008K
  class space    used 2673K, capacity 2866K, committed 2944K, reserved 1048576K
Event: 2.845 GC heap after
Heap after GC invocations=6 (full 1):
 PSYoungGen      total 71680K, used 0K [0x00000000d5e00000, 0x00000000df100000, 0x0000000100000000)
  eden space 66560K, 0% used [0x00000000d5e00000,0x00000000d5e00000,0x00000000d9f00000)
  from space 5120K, 0% used [0x00000000d9f00000,0x00000000d9f00000,0x00000000da400000)
  to   space 8704K, 0% used [0x00000000de880000,0x00000000de880000,0x00000000df100000)
 ParOldGen       total 53760K, used 6816K [0x0000000081a00000, 0x0000000084e80000, 0x00000000d5e00000)
  object space 53760K, 12% used [0x0000000081a00000,0x00000000820a81a0,0x0000000084e80000)
 Metaspace       used 20490K, capacity 21210K, committed 21296K, reserved 1067008K
  class space    used 2673K, capacity 2866K, committed 2944K, reserved 1048576K
}
Event: 3.367 GC heap before
{Heap before GC invocations=7 (full 1):
 PSYoungGen      total 71680K, used 66510K [0x00000000d5e00000, 0x00000000df100000, 0x0000000100000000)
  eden space 66560K, 99% used [0x00000000d5e00000,0x00000000d9ef3928,0x00000000d9f00000)
  from space 5120K, 0% used [0x00000000d9f00000,0x00000000d9f00000,0x00000000da400000)
  to   space 8704K, 0% used [0x00000000de880000,0x00000000de880000,0x00000000df100000)
 ParOldGen       total 53760K, used 6816K [0x0000000081a00000, 0x0000000084e80000, 0x00000000d5e00000)
  object space 53760K, 12% used [0x0000000081a00000,0x00000000820a81a0,0x0000000084e80000)
 Metaspace       used 22701K, capacity 23442K, committed 23680K, reserved 1069056K
  class space    used 3001K, capacity 3198K, committed 3200K, reserved 1048576K
Event: 3.385 GC heap after
Heap after GC invocations=7 (full 1):
 PSYoungGen      total 116736K, used 3778K [0x00000000d5e00000, 0x00000000dec80000, 0x0000000100000000)
  eden space 112640K, 0% used [0x00000000d5e00000,0x00000000d5e00000,0x00000000dcc00000)
  from space 4096K, 92% used [0x00000000de880000,0x00000000dec30b10,0x00000000dec80000)
  to   space 8704K, 0% used [0x00000000ddb80000,0x00000000ddb80000,0x00000000de400000)
 ParOldGen       total 53760K, used 6816K [0x0000000081a00000, 0x0000000084e80000, 0x00000000d5e00000)
  object space 53760K, 12% used [0x0000000081a00000,0x00000000820a81a0,0x0000000084e80000)
 Metaspace       used 22701K, capacity 23442K, committed 23680K, reserved 1069056K
  class space    used 3001K, capacity 3198K, committed 3200K, reserved 1048576K
}
Event: 6.312 GC heap before
{Heap before GC invocations=8 (full 1):
 PSYoungGen      total 116736K, used 116418K [0x00000000d5e00000, 0x00000000dec80000, 0x0000000100000000)
  eden space 112640K, 100% used [0x00000000d5e00000,0x00000000dcc00000,0x00000000dcc00000)
  from space 4096K, 92% used [0x00000000de880000,0x00000000dec30b10,0x00000000dec80000)
  to   space 8704K, 0% used [0x00000000ddb80000,0x00000000ddb80000,0x00000000de400000)
 ParOldGen       total 53760K, used 6816K [0x0000000081a00000, 0x0000000084e80000, 0x00000000d5e00000)
  object space 53760K, 12% used [0x0000000081a00000,0x00000000820a81a0,0x0000000084e80000)
 Metaspace       used 29024K, capacity 30272K, committed 30592K, reserved 1075200K
  class space    used 3839K, capacity 4097K, committed 4224K, reserved 1048576K
Event: 6.323 GC heap after
Heap after GC invocations=8 (full 1):
 PSYoungGen      total 137216K, used 8687K [0x00000000d5e00000, 0x00000000e2700000, 0x0000000100000000)
  eden space 128512K, 0% used [0x00000000d5e00000,0x00000000d5e00000,0x00000000ddb80000)
  from space 8704K, 99% used [0x00000000ddb80000,0x00000000de3fbff8,0x00000000de400000)
  to   space 10752K, 0% used [0x00000000e1c80000,0x00000000e1c80000,0x00000000e2700000)
 ParOldGen       total 53760K, used 8897K [0x0000000081a00000, 0x0000000084e80000, 0x00000000d5e00000)
  object space 53760K, 16% used [0x0000000081a00000,0x00000000822b0728,0x0000000084e80000)
 Metaspace       used 29024K, capacity 30272K, committed 30592K, reserved 1075200K
  class space    used 3839K, capacity 4097K, committed 4224K, reserved 1048576K
}
Event: 8.097 GC heap before
{Heap before GC invocations=9 (full 1):
 PSYoungGen      total 137216K, used 57279K [0x00000000d5e00000, 0x00000000e2700000, 0x0000000100000000)
  eden space 128512K, 37% used [0x00000000d5e00000,0x00000000d8d73f10,0x00000000ddb80000)
  from space 8704K, 99% used [0x00000000ddb80000,0x00000000de3fbff8,0x00000000de400000)
  to   space 10752K, 0% used [0x00000000e1c80000,0x00000000e1c80000,0x00000000e2700000)
 ParOldGen       total 53760K, used 8897K [0x0000000081a00000, 0x0000000084e80000, 0x00000000d5e00000)
  object space 53760K, 16% used [0x0000000081a00000,0x00000000822b0728,0x0000000084e80000)
 Metaspace       used 33900K, capacity 35330K, committed 35456K, reserved 1079296K
  class space    used 4365K, capacity 4664K, committed 4736K, reserved 1048576K
Event: 8.110 GC heap after
Heap after GC invocations=9 (full 1):
 PSYoungGen      total 193024K, used 10744K [0x00000000d5e00000, 0x00000000e3e80000, 0x0000000100000000)
  eden space 182272K, 0% used [0x00000000d5e00000,0x00000000d5e00000,0x00000000e1000000)
  from space 10752K, 99% used [0x00000000e1c80000,0x00000000e26fe338,0x00000000e2700000)
  to   space 12800K, 0% used [0x00000000e1000000,0x00000000e1000000,0x00000000e1c80000)
 ParOldGen       total 53760K, used 9703K [0x0000000081a00000, 0x0000000084e80000, 0x00000000d5e00000)
  object space 53760K, 18% used [0x0000000081a00000,0x0000000082379ee0,0x0000000084e80000)
 Metaspace       used 33900K, capacity 35330K, committed 35456K, reserved 1079296K
  class space    used 4365K, capacity 4664K, committed 4736K, reserved 1048576K
}
Event: 8.110 GC heap before
{Heap before GC invocations=10 (full 2):
 PSYoungGen      total 193024K, used 10744K [0x00000000d5e00000, 0x00000000e3e80000, 0x0000000100000000)
  eden space 182272K, 0% used [0x00000000d5e00000,0x00000000d5e00000,0x00000000e1000000)
  from space 10752K, 99% used [0x00000000e1c80000,0x00000000e26fe338,0x00000000e2700000)
  to   space 12800K, 0% used [0x00000000e1000000,0x00000000e1000000,0x00000000e1c80000)
 ParOldGen       total 53760K, used 9703K [0x0000000081a00000, 0x0000000084e80000, 0x00000000d5e00000)
  object space 53760K, 18% used [0x0000000081a00000,0x0000000082379ee0,0x0000000084e80000)
 Metaspace       used 33900K, capacity 35330K, committed 35456K, reserved 1079296K
  class space    used 4365K, capacity 4664K, committed 4736K, reserved 1048576K
Event: 8.187 GC heap after
Heap after GC invocations=10 (full 2):
 PSYoungGen      total 193024K, used 0K [0x00000000d5e00000, 0x00000000e3e80000, 0x0000000100000000)
  eden space 182272K, 0% used [0x00000000d5e00000,0x00000000d5e00000,0x00000000e1000000)
  from space 10752K, 0% used [0x00000000e1c80000,0x00000000e1c80000,0x00000000e2700000)
  to   space 12800K, 0% used [0x00000000e1000000,0x00000000e1000000,0x00000000e1c80000)
 ParOldGen       total 81408K, used 16145K [0x0000000081a00000, 0x0000000086980000, 0x00000000d5e00000)
  object space 81408K, 19% used [0x0000000081a00000,0x00000000829c47e0,0x0000000086980000)
 Metaspace       used 33900K, capacity 35330K, committed 35456K, reserved 1079296K
  class space    used 4365K, capacity 4664K, committed 4736K, reserved 1048576K
}

