# JRE version: Java(TM) SE Runtime Environment (8.0_201-b09) (build 1.8.0_201-b09)
# Java VM: Java HotSpot(TM) 64-Bit Server VM (25.201-b09 mixed mode windows-amd64 compressed oops)
Heap:
 PSYoungGen      total 189440K, used 2327K [0x00000000d5e00000, 0x00000000e5b00000, 0x0000000100000000)
  eden space 181248K, 1% used [0x00000000d5e00000,0x00000000d6045ca0,0x00000000e0f00000)
  from space 8192K, 0% used [0x00000000e5300000,0x00000000e5300000,0x00000000e5b00000)
  to   space 6144K, 1% used [0x00000000e0f00000,0x00000000e0f10000,0x00000000e1500000)
 ParOldGen       total 53248K, used 10524K [0x0000000081a00000, 0x0000000084e00000, 0x00000000d5e00000)
  object space 53248K, 19% used [0x0000000081a00000,0x0000000082447288,0x0000000084e00000)
 Metaspace       used 33700K, capacity 34904K, committed 35072K, reserved 1085440K
  class space    used 3975K, capacity 4239K, committed 4352K, reserved 1048576K
GC Heap History (10 events):
Event: 4.217 GC heap before
{Heap before GC invocations=10 (full 1):
 PSYoungGen      total 137728K, used 132096K [0x00000000d5e00000, 0x00000000dea00000, 0x0000000100000000)
  eden space 132096K, 100% used [0x00000000d5e00000,0x00000000ddf00000,0x00000000ddf00000)
  from space 5632K, 0% used [0x00000000de480000,0x00000000de480000,0x00000000dea00000)
  to   space 5632K, 0% used [0x00000000ddf00000,0x00000000ddf00000,0x00000000de480000)
 ParOldGen       total 53248K, used 6405K [0x0000000081a00000, 0x0000000084e00000, 0x00000000d5e00000)
  object space 53248K, 12% used [0x0000000081a00000,0x00000000820416b8,0x0000000084e00000)
 Metaspace       used 24562K, capacity 25306K, committed 25472K, reserved 1071104K
  class space    used 2921K, capacity 3106K, committed 3200K, reserved 1048576K
Event: 4.230 GC heap after
Heap after GC invocations=10 (full 1):
 PSYoungGen      total 137728K, used 5117K [0x00000000d5e00000, 0x00000000e1b80000, 0x0000000100000000)
  eden space 132096K, 0% used [0x00000000d5e00000,0x00000000d5e00000,0x00000000ddf00000)
  from space 5632K, 90% used [0x00000000ddf00000,0x00000000de3ff4f8,0x00000000de480000)
  to   space 6144K, 0% used [0x00000000e1580000,0x00000000e1580000,0x00000000e1b80000)
 ParOldGen       total 53248K, used 6413K [0x0000000081a00000, 0x0000000084e00000, 0x00000000d5e00000)
  object space 53248K, 12% used [0x0000000081a00000,0x00000000820436b8,0x0000000084e00000)
 Metaspace       used 24562K, capacity 25306K, committed 25472K, reserved 1071104K
  class space    used 2921K, capacity 3106K, committed 3200K, reserved 1048576K
}
Event: 4.602 GC heap before
{Heap before GC invocations=11 (full 1):
 PSYoungGen      total 137728K, used 137213K [0x00000000d5e00000, 0x00000000e1b80000, 0x0000000100000000)
  eden space 132096K, 100% used [0x00000000d5e00000,0x00000000ddf00000,0x00000000ddf00000)
  from space 5632K, 90% used [0x00000000ddf00000,0x00000000de3ff4f8,0x00000000de480000)
  to   space 6144K, 0% used [0x00000000e1580000,0x00000000e1580000,0x00000000e1b80000)
 ParOldGen       total 53248K, used 6413K [0x0000000081a00000, 0x0000000084e00000, 0x00000000d5e00000)
  object space 53248K, 12% used [0x0000000081a00000,0x00000000820436b8,0x0000000084e00000)
 Metaspace       used 27347K, capacity 28178K, committed 28288K, reserved 1075200K
  class space    used 3205K, capacity 3418K, committed 3456K, reserved 1048576K
Event: 4.612 GC heap after
Heap after GC invocations=11 (full 1):
 PSYoungGen      total 186880K, used 5328K [0x00000000d5e00000, 0x00000000e1b00000, 0x0000000100000000)
  eden space 181248K, 0% used [0x00000000d5e00000,0x00000000d5e00000,0x00000000e0f00000)
  from space 5632K, 94% used [0x00000000e1580000,0x00000000e1ab41c8,0x00000000e1b00000)
  to   space 6144K, 0% used [0x00000000e0f00000,0x00000000e0f00000,0x00000000e1500000)
 ParOldGen       total 53248K, used 6421K [0x0000000081a00000, 0x0000000084e00000, 0x00000000d5e00000)
  object space 53248K, 12% used [0x0000000081a00000,0x00000000820456b8,0x0000000084e00000)
 Metaspace       used 27347K, capacity 28178K, committed 28288K, reserved 1075200K
  class space    used 3205K, capacity 3418K, committed 3456K, reserved 1048576K
}
Event: 5.981 GC heap before
{Heap before GC invocations=12 (full 1):
 PSYoungGen      total 186880K, used 186576K [0x00000000d5e00000, 0x00000000e1b00000, 0x0000000100000000)
  eden space 181248K, 100% used [0x00000000d5e00000,0x00000000e0f00000,0x00000000e0f00000)
  from space 5632K, 94% used [0x00000000e1580000,0x00000000e1ab41c8,0x00000000e1b00000)
  to   space 6144K, 0% used [0x00000000e0f00000,0x00000000e0f00000,0x00000000e1500000)
 ParOldGen       total 53248K, used 6421K [0x0000000081a00000, 0x0000000084e00000, 0x00000000d5e00000)
  object space 53248K, 12% used [0x0000000081a00000,0x00000000820456b8,0x0000000084e00000)
 Metaspace       used 33256K, capacity 34502K, committed 34688K, reserved 1079296K
  class space    used 3910K, capacity 4172K, committed 4224K, reserved 1048576K
Event: 5.991 GC heap after
Heap after GC invocations=12 (full 1):
 PSYoungGen      total 187392K, used 6123K [0x00000000d5e00000, 0x00000000e5b00000, 0x0000000100000000)
  eden space 181248K, 0% used [0x00000000d5e00000,0x00000000d5e00000,0x00000000e0f00000)
  from space 6144K, 99% used [0x00000000e0f00000,0x00000000e14fade8,0x00000000e1500000)
  to   space 8192K, 0% used [0x00000000e5300000,0x00000000e5300000,0x00000000e5b00000)
 ParOldGen       total 53248K, used 10567K [0x0000000081a00000, 0x0000000084e00000, 0x00000000d5e00000)
  object space 53248K, 19% used [0x0000000081a00000,0x0000000082451d30,0x0000000084e00000)
 Metaspace       used 33256K, capacity 34502K, committed 34688K, reserved 1079296K
  class space    used 3910K, capacity 4172K, committed 4224K, reserved 1048576K
}
Event: 6.067 GC heap before
{Heap before GC invocations=13 (full 1):
 PSYoungGen      total 187392K, used 15431K [0x00000000d5e00000, 0x00000000e5b00000, 0x0000000100000000)
  eden space 181248K, 5% used [0x00000000d5e00000,0x00000000d67171f0,0x00000000e0f00000)
  from space 6144K, 99% used [0x00000000e0f00000,0x00000000e14fade8,0x00000000e1500000)
  to   space 8192K, 0% used [0x00000000e5300000,0x00000000e5300000,0x00000000e5b00000)
 ParOldGen       total 53248K, used 10567K [0x0000000081a00000, 0x0000000084e00000, 0x00000000d5e00000)
  object space 53248K, 19% used [0x0000000081a00000,0x0000000082451d30,0x0000000084e00000)
 Metaspace       used 33699K, capacity 34904K, committed 35072K, reserved 1083392K
  class space    used 3975K, capacity 4239K, committed 4352K, reserved 1048576K
Event: 6.071 GC heap after
Heap after GC invocations=13 (full 1):
 PSYoungGen      total 189440K, used 544K [0x00000000d5e00000, 0x00000000e5b00000, 0x0000000100000000)
  eden space 181248K, 0% used [0x00000000d5e00000,0x00000000d5e00000,0x00000000e0f00000)
  from space 8192K, 6% used [0x00000000e5300000,0x00000000e5388000,0x00000000e5b00000)
  to   space 6144K, 0% used [0x00000000e0f00000,0x00000000e0f00000,0x00000000e1500000)
 ParOldGen       total 53248K, used 13407K [0x0000000081a00000, 0x0000000084e00000, 0x00000000d5e00000)
  object space 53248K, 25% used [0x0000000081a00000,0x0000000082717d60,0x0000000084e00000)
 Metaspace       used 33699K, capacity 34904K, committed 35072K, reserved 1083392K
  class space    used 3975K, capacity 4239K, committed 4352K, reserved 1048576K
}
Event: 6.072 GC heap before
{Heap before GC invocations=14 (full 2):
 PSYoungGen      total 189440K, used 544K [0x00000000d5e00000, 0x00000000e5b00000, 0x0000000100000000)
  eden space 181248K, 0% used [0x00000000d5e00000,0x00000000d5e00000,0x00000000e0f00000)
  from space 8192K, 6% used [0x00000000e5300000,0x00000000e5388000,0x00000000e5b00000)
  to   space 6144K, 0% used [0x00000000e0f00000,0x00000000e0f00000,0x00000000e1500000)
 ParOldGen       total 53248K, used 13407K [0x0000000081a00000, 0x0000000084e00000, 0x00000000d5e00000)
  object space 53248K, 25% used [0x0000000081a00000,0x0000000082717d60,0x0000000084e00000)
 Metaspace       used 33699K, capacity 34904K, committed 35072K, reserved 1083392K
  class space    used 3975K, capacity 4239K, committed 4352K, reserved 1048576K
Event: 6.129 GC heap after
Heap after GC invocations=14 (full 2):
 PSYoungGen      total 189440K, used 0K [0x00000000d5e00000, 0x00000000e5b00000, 0x0000000100000000)
  eden space 181248K, 0% used [0x00000000d5e00000,0x00000000d5e00000,0x00000000e0f00000)
  from space 8192K, 0% used [0x00000000e5300000,0x00000000e5300000,0x00000000e5b00000)
  to   space 6144K, 0% used [0x00000000e0f00000,0x00000000e0f00000,0x00000000e1500000)
 ParOldGen       total 53248K, used 10524K [0x0000000081a00000, 0x0000000084e00000, 0x00000000d5e00000)
  object space 53248K, 19% used [0x0000000081a00000,0x0000000082447288,0x0000000084e00000)
 Metaspace       used 33699K, capacity 34904K, committed 35072K, reserved 1081344K
  class space    used 3975K, capacity 4239K, committed 4352K, reserved 1048576K
}

